  SmartGhost.cpp
c:\users\hecto\universidad\2º\tpv\pacamandef\pac-man-de-los-huevos\pacaman2\proyectossdl(1.07)\holasdl\smartghost.cpp(82): warning C4018: '<': no coinciden signed/unsigned
c:\users\hecto\universidad\2º\tpv\pacamandef\pac-man-de-los-huevos\pacaman2\proyectossdl(1.07)\holasdl\smartghost.cpp(90): warning C4244: 'inicializando': conversión de 'int' a 'float'; posible pérdida de datos
c:\users\hecto\universidad\2º\tpv\pacamandef\pac-man-de-los-huevos\pacaman2\proyectossdl(1.07)\holasdl\smartghost.cpp(91): warning C4244: 'inicializando': conversión de 'int' a 'float'; posible pérdida de datos
c:\users\hecto\universidad\2º\tpv\pacamandef\pac-man-de-los-huevos\pacaman2\proyectossdl(1.07)\holasdl\smartghost.cpp(71): warning C4101: 'auxMax': variable local sin referencia
c:\users\hecto\universidad\2º\tpv\pacamandef\pac-man-de-los-huevos\pacaman2\proyectossdl(1.07)\holasdl\smartghost.cpp(156): warning C4244: '+=': conversión de 'float' a 'int'; posible pérdida de datos
c:\users\hecto\universidad\2º\tpv\pacamandef\pac-man-de-los-huevos\pacaman2\proyectossdl(1.07)\holasdl\smartghost.cpp(157): warning C4244: '+=': conversión de 'float' a 'int'; posible pérdida de datos
c:\users\hecto\universidad\2º\tpv\pacamandef\pac-man-de-los-huevos\pacaman2\proyectossdl(1.07)\holasdl\smartghost.cpp(158): warning C4244: '=': conversión de 'float' a 'int'; posible pérdida de datos
c:\users\hecto\universidad\2º\tpv\pacamandef\pac-man-de-los-huevos\pacaman2\proyectossdl(1.07)\holasdl\smartghost.cpp(159): warning C4244: '=': conversión de 'float' a 'int'; posible pérdida de datos
  PlayState.cpp
c:\users\hecto\universidad\2º\tpv\pacamandef\pac-man-de-los-huevos\pacaman2\proyectossdl(1.07)\holasdl\playstate.cpp(110): warning C4018: '<': no coinciden signed/unsigned
c:\users\hecto\universidad\2º\tpv\pacamandef\pac-man-de-los-huevos\pacaman2\proyectossdl(1.07)\holasdl\playstate.cpp(174): warning C4018: '<': no coinciden signed/unsigned
c:\users\hecto\universidad\2º\tpv\pacamandef\pac-man-de-los-huevos\pacaman2\proyectossdl(1.07)\holasdl\playstate.cpp(253): warning C4018: '<': no coinciden signed/unsigned
c:\users\hecto\universidad\2º\tpv\pacamandef\pac-man-de-los-huevos\pacaman2\proyectossdl(1.07)\holasdl\playstate.cpp(299): warning C4018: '<': no coinciden signed/unsigned
c:\users\hecto\universidad\2º\tpv\pacamandef\pac-man-de-los-huevos\pacaman2\proyectossdl(1.07)\holasdl\playstate.cpp(312): warning C4018: '<': no coinciden signed/unsigned
c:\users\hecto\universidad\2º\tpv\pacamandef\pac-man-de-los-huevos\pacaman2\proyectossdl(1.07)\holasdl\playstate.cpp(328): warning C4101: 'dir': variable local sin referencia
  PacMan.cpp
  Ghost.cpp
  GameMap.cpp
  Generando código...
  HolaSDL.vcxproj -> C:\Users\hecto\UNIVERSIDAD\2º\TPV\PacamanDef\Pac-Man-de-los-huevos\Pacaman2\ProyectosSDL(1.07)\bin\HolaSDLDebug.exe
