c:\users\pekev\onedrive\documentos\github\pacaman\pacaman2\proyectossdl(1.07)\holasdl\debug\vc141.pdb
c:\users\pekev\onedrive\documentos\github\pacaman\pacaman2\proyectossdl(1.07)\holasdl\debug\vc141.idb
c:\users\pekev\onedrive\documentos\github\pacaman\pacaman2\proyectossdl(1.07)\holasdl\debug\button.obj
c:\users\pekev\onedrive\documentos\github\pacaman\pacaman2\proyectossdl(1.07)\holasdl\debug\endstate.obj
c:\users\pekev\onedrive\documentos\github\pacaman\pacaman2\proyectossdl(1.07)\holasdl\debug\fileformaterror.obj
c:\users\pekev\onedrive\documentos\github\pacaman\pacaman2\proyectossdl(1.07)\holasdl\debug\game.obj
c:\users\pekev\onedrive\documentos\github\pacaman\pacaman2\proyectossdl(1.07)\holasdl\debug\gamecharacter.obj
c:\users\pekev\onedrive\documentos\github\pacaman\pacaman2\proyectossdl(1.07)\holasdl\debug\gamemap.obj
c:\users\pekev\onedrive\documentos\github\pacaman\pacaman2\proyectossdl(1.07)\holasdl\debug\gameobject.obj
c:\users\pekev\onedrive\documentos\github\pacaman\pacaman2\proyectossdl(1.07)\holasdl\debug\gamestate.obj
c:\users\pekev\onedrive\documentos\github\pacaman\pacaman2\proyectossdl(1.07)\holasdl\debug\gamestatemachine.obj
c:\users\pekev\onedrive\documentos\github\pacaman\pacaman2\proyectossdl(1.07)\holasdl\debug\ghost.obj
c:\users\pekev\onedrive\documentos\github\pacaman\pacaman2\proyectossdl(1.07)\holasdl\debug\main.obj
c:\users\pekev\onedrive\documentos\github\pacaman\pacaman2\proyectossdl(1.07)\holasdl\debug\menustate.obj
c:\users\pekev\onedrive\documentos\github\pacaman\pacaman2\proyectossdl(1.07)\holasdl\debug\pacman.obj
c:\users\pekev\onedrive\documentos\github\pacaman\pacaman2\proyectossdl(1.07)\holasdl\debug\pacmanerror.obj
c:\users\pekev\onedrive\documentos\github\pacaman\pacaman2\proyectossdl(1.07)\holasdl\debug\pacmanobject.obj
c:\users\pekev\onedrive\documentos\github\pacaman\pacaman2\proyectossdl(1.07)\holasdl\debug\pausestate.obj
c:\users\pekev\onedrive\documentos\github\pacaman\pacaman2\proyectossdl(1.07)\holasdl\debug\playstate.obj
c:\users\pekev\onedrive\documentos\github\pacaman\pacaman2\proyectossdl(1.07)\holasdl\debug\sdlerror.obj
c:\users\pekev\onedrive\documentos\github\pacaman\pacaman2\proyectossdl(1.07)\holasdl\debug\smartghost.obj
c:\users\pekev\onedrive\documentos\github\pacaman\pacaman2\proyectossdl(1.07)\holasdl\debug\texture.obj
c:\users\pekev\onedrive\documentos\github\pacaman\pacaman2\proyectossdl(1.07)\bin\holasdldebug.exe
c:\users\pekev\onedrive\documentos\github\pacaman\pacaman2\proyectossdl(1.07)\bin\holasdldebug.ilk
c:\users\pekev\onedrive\documentos\github\pacaman\pacaman2\proyectossdl(1.07)\bin\holasdldebug.pdb
c:\users\pekev\onedrive\documentos\github\pacaman\pacaman2\proyectossdl(1.07)\holasdl\debug\holasdl.tlog\cl.command.1.tlog
c:\users\pekev\onedrive\documentos\github\pacaman\pacaman2\proyectossdl(1.07)\holasdl\debug\holasdl.tlog\cl.read.1.tlog
c:\users\pekev\onedrive\documentos\github\pacaman\pacaman2\proyectossdl(1.07)\holasdl\debug\holasdl.tlog\cl.write.1.tlog
c:\users\pekev\onedrive\documentos\github\pacaman\pacaman2\proyectossdl(1.07)\holasdl\debug\holasdl.tlog\link.command.1.tlog
c:\users\pekev\onedrive\documentos\github\pacaman\pacaman2\proyectossdl(1.07)\holasdl\debug\holasdl.tlog\link.read.1.tlog
c:\users\pekev\onedrive\documentos\github\pacaman\pacaman2\proyectossdl(1.07)\holasdl\debug\holasdl.tlog\link.write.1.tlog
